<?xml version="1.0" encoding="UTF-8"?>
<!-- Generated by org.testng.reporters.JUnitReportReporter -->
<testsuite hostname="DESKTOP-JLV575E" failures="0" tests="2" name="org.saucedemo.test.TestNGclass" time="0.008" errors="0" timestamp="2023-11-07T14:43:17 IST" skipped="0">
  <testcase classname="org.saucedemo.test.TestNGclass" name="testcase1" time="0.007"/>
  <testcase classname="org.saucedemo.test.TestNGclass" name="testcase2" time="0.001"/>
</testsuite> <!-- org.saucedemo.test.TestNGclass -->
